# JRE version: Java(TM) SE Runtime Environment (8.0_202-b08) (build 1.8.0_202-b08)
# Java VM: Java HotSpot(TM) 64-Bit Server VM (25.202-b08 mixed mode windows-amd64 compressed oops)
Heap:
 PSYoungGen      total 99840K, used 52696K [0x00000000e0700000, 0x00000000eb500000, 0x0000000100000000)
  eden space 92160K, 48% used [0x00000000e0700000,0x00000000e32fa530,0x00000000e6100000)
  from space 7680K, 99% used [0x00000000e6f80000,0x00000000e76fbc80,0x00000000e7700000)
  to   space 14848K, 0% used [0x00000000e6100000,0x00000000e6100000,0x00000000e6f80000)
 ParOldGen       total 51200K, used 25674K [0x00000000a1400000, 0x00000000a4600000, 0x00000000e0700000)
  object space 51200K, 50% used [0x00000000a1400000,0x00000000a2d12b20,0x00000000a4600000)
 Metaspace       used 27656K, capacity 28626K, committed 28928K, reserved 1075200K
  class space    used 3291K, capacity 3541K, committed 3584K, reserved 1048576K
GC Heap History (10 events):
Event: 3.384 GC heap before
{Heap before GC invocations=5 (full 0):
 PSYoungGen      total 53248K, used 53216K [0x00000000e0700000, 0x00000000e3f00000, 0x0000000100000000)
  eden space 49152K, 100% used [0x00000000e0700000,0x00000000e3700000,0x00000000e3700000)
  from space 4096K, 99% used [0x00000000e3b00000,0x00000000e3ef8040,0x00000000e3f00000)
  to   space 4096K, 0% used [0x00000000e3700000,0x00000000e3700000,0x00000000e3b00000)
 ParOldGen       total 65536K, used 7117K [0x00000000a1400000, 0x00000000a5400000, 0x00000000e0700000)
  object space 65536K, 10% used [0x00000000a1400000,0x00000000a1af3460,0x00000000a5400000)
 Metaspace       used 19035K, capacity 19650K, committed 19712K, reserved 1067008K
  class space    used 2349K, capacity 2543K, committed 2560K, reserved 1048576K
Event: 3.402 GC heap after
Heap after GC invocations=5 (full 0):
 PSYoungGen      total 53248K, used 4080K [0x00000000e0700000, 0x00000000e7800000, 0x0000000100000000)
  eden space 49152K, 0% used [0x00000000e0700000,0x00000000e0700000,0x00000000e3700000)
  from space 4096K, 99% used [0x00000000e3700000,0x00000000e3afc030,0x00000000e3b00000)
  to   space 8704K, 0% used [0x00000000e6f80000,0x00000000e6f80000,0x00000000e7800000)
 ParOldGen       total 65536K, used 10895K [0x00000000a1400000, 0x00000000a5400000, 0x00000000e0700000)
  object space 65536K, 16% used [0x00000000a1400000,0x00000000a1ea3fd0,0x00000000a5400000)
 Metaspace       used 19035K, capacity 19650K, committed 19712K, reserved 1067008K
  class space    used 2349K, capacity 2543K, committed 2560K, reserved 1048576K
}
Event: 4.027 GC heap before
{Heap before GC invocations=6 (full 0):
 PSYoungGen      total 53248K, used 53232K [0x00000000e0700000, 0x00000000e7800000, 0x0000000100000000)
  eden space 49152K, 100% used [0x00000000e0700000,0x00000000e3700000,0x00000000e3700000)
  from space 4096K, 99% used [0x00000000e3700000,0x00000000e3afc030,0x00000000e3b00000)
  to   space 8704K, 0% used [0x00000000e6f80000,0x00000000e6f80000,0x00000000e7800000)
 ParOldGen       total 65536K, used 10895K [0x00000000a1400000, 0x00000000a5400000, 0x00000000e0700000)
  object space 65536K, 16% used [0x00000000a1400000,0x00000000a1ea3fd0,0x00000000a5400000)
 Metaspace       used 19398K, capacity 19996K, committed 20224K, reserved 1067008K
  class space    used 2353K, capacity 2546K, committed 2560K, reserved 1048576K
Event: 4.039 GC heap after
Heap after GC invocations=6 (full 0):
 PSYoungGen      total 105984K, used 6144K [0x00000000e0700000, 0x00000000e7700000, 0x0000000100000000)
  eden space 98304K, 0% used [0x00000000e0700000,0x00000000e0700000,0x00000000e6700000)
  from space 7680K, 80% used [0x00000000e6f80000,0x00000000e7580060,0x00000000e7700000)
  to   space 8192K, 0% used [0x00000000e6700000,0x00000000e6700000,0x00000000e6f00000)
 ParOldGen       total 65536K, used 10903K [0x00000000a1400000, 0x00000000a5400000, 0x00000000e0700000)
  object space 65536K, 16% used [0x00000000a1400000,0x00000000a1ea5fd0,0x00000000a5400000)
 Metaspace       used 19398K, capacity 19996K, committed 20224K, reserved 1067008K
  class space    used 2353K, capacity 2546K, committed 2560K, reserved 1048576K
}
Event: 4.581 GC heap before
{Heap before GC invocations=7 (full 0):
 PSYoungGen      total 105984K, used 33688K [0x00000000e0700000, 0x00000000e7700000, 0x0000000100000000)
  eden space 98304K, 28% used [0x00000000e0700000,0x00000000e21e6220,0x00000000e6700000)
  from space 7680K, 80% used [0x00000000e6f80000,0x00000000e7580060,0x00000000e7700000)
  to   space 8192K, 0% used [0x00000000e6700000,0x00000000e6700000,0x00000000e6f00000)
 ParOldGen       total 65536K, used 10903K [0x00000000a1400000, 0x00000000a5400000, 0x00000000e0700000)
  object space 65536K, 16% used [0x00000000a1400000,0x00000000a1ea5fd0,0x00000000a5400000)
 Metaspace       used 20520K, capacity 21234K, committed 21296K, reserved 1069056K
  class space    used 2462K, capacity 2671K, committed 2688K, reserved 1048576K
Event: 4.594 GC heap after
Heap after GC invocations=7 (full 0):
 PSYoungGen      total 106496K, used 6173K [0x00000000e0700000, 0x00000000e7700000, 0x0000000100000000)
  eden space 98304K, 0% used [0x00000000e0700000,0x00000000e0700000,0x00000000e6700000)
  from space 8192K, 75% used [0x00000000e6700000,0x00000000e6d075f8,0x00000000e6f00000)
  to   space 7680K, 0% used [0x00000000e6f80000,0x00000000e6f80000,0x00000000e7700000)
 ParOldGen       total 65536K, used 12474K [0x00000000a1400000, 0x00000000a5400000, 0x00000000e0700000)
  object space 65536K, 19% used [0x00000000a1400000,0x00000000a202ea80,0x00000000a5400000)
 Metaspace       used 20520K, capacity 21234K, committed 21296K, reserved 1069056K
  class space    used 2462K, capacity 2671K, committed 2688K, reserved 1048576K
}
Event: 4.594 GC heap before
{Heap before GC invocations=8 (full 1):
 PSYoungGen      total 106496K, used 6173K [0x00000000e0700000, 0x00000000e7700000, 0x0000000100000000)
  eden space 98304K, 0% used [0x00000000e0700000,0x00000000e0700000,0x00000000e6700000)
  from space 8192K, 75% used [0x00000000e6700000,0x00000000e6d075f8,0x00000000e6f00000)
  to   space 7680K, 0% used [0x00000000e6f80000,0x00000000e6f80000,0x00000000e7700000)
 ParOldGen       total 65536K, used 12474K [0x00000000a1400000, 0x00000000a5400000, 0x00000000e0700000)
  object space 65536K, 19% used [0x00000000a1400000,0x00000000a202ea80,0x00000000a5400000)
 Metaspace       used 20520K, capacity 21234K, committed 21296K, reserved 1069056K
  class space    used 2462K, capacity 2671K, committed 2688K, reserved 1048576K
Event: 4.653 GC heap after
Heap after GC invocations=8 (full 1):
 PSYoungGen      total 106496K, used 0K [0x00000000e0700000, 0x00000000e7700000, 0x0000000100000000)
  eden space 98304K, 0% used [0x00000000e0700000,0x00000000e0700000,0x00000000e6700000)
  from space 8192K, 0% used [0x00000000e6700000,0x00000000e6700000,0x00000000e6f00000)
  to   space 7680K, 0% used [0x00000000e6f80000,0x00000000e6f80000,0x00000000e7700000)
 ParOldGen       total 51200K, used 10839K [0x00000000a1400000, 0x00000000a4600000, 0x00000000e0700000)
  object space 51200K, 21% used [0x00000000a1400000,0x00000000a1e95fd0,0x00000000a4600000)
 Metaspace       used 20520K, capacity 21234K, committed 21296K, reserved 1069056K
  class space    used 2462K, capacity 2671K, committed 2688K, reserved 1048576K
}
Event: 8.173 GC heap before
{Heap before GC invocations=9 (full 1):
 PSYoungGen      total 106496K, used 98304K [0x00000000e0700000, 0x00000000e7700000, 0x0000000100000000)
  eden space 98304K, 100% used [0x00000000e0700000,0x00000000e6700000,0x00000000e6700000)
  from space 8192K, 0% used [0x00000000e6700000,0x00000000e6700000,0x00000000e6f00000)
  to   space 7680K, 0% used [0x00000000e6f80000,0x00000000e6f80000,0x00000000e7700000)
 ParOldGen       total 51200K, used 10839K [0x00000000a1400000, 0x00000000a4600000, 0x00000000e0700000)
  object space 51200K, 21% used [0x00000000a1400000,0x00000000a1e95fd0,0x00000000a4600000)
 Metaspace       used 26435K, capacity 27404K, committed 27520K, reserved 1073152K
  class space    used 3146K, capacity 3412K, committed 3456K, reserved 1048576K
Event: 8.197 GC heap after
Heap after GC invocations=9 (full 1):
 PSYoungGen      total 99840K, used 7663K [0x00000000e0700000, 0x00000000eb500000, 0x0000000100000000)
  eden space 92160K, 0% used [0x00000000e0700000,0x00000000e0700000,0x00000000e6100000)
  from space 7680K, 99% used [0x00000000e6f80000,0x00000000e76fbc80,0x00000000e7700000)
  to   space 14848K, 0% used [0x00000000e6100000,0x00000000e6100000,0x00000000e6f80000)
 ParOldGen       total 51200K, used 25674K [0x00000000a1400000, 0x00000000a4600000, 0x00000000e0700000)
  object space 51200K, 50% used [0x00000000a1400000,0x00000000a2d12b20,0x00000000a4600000)
 Metaspace       used 26435K, capacity 27404K, committed 27520K, reserved 1073152K
  class space    used 3146K, capacity 3412K, committed 3456K, reserved 1048576K
}

